  main.cpp
C:\lkw\Visual_Studio\MineSweeper\main.cpp(309,37): warning C4244: '인수': 'int'에서 'float'(으)로 변환하면서 데이터가 손실될 수 있습니다.
C:\lkw\Visual_Studio\MineSweeper\main.cpp(461,68): warning C4244: '인수': 'int'에서 'float'(으)로 변환하면서 데이터가 손실될 수 있습니다.
C:\lkw\Visual_Studio\MineSweeper\main.cpp(461,39): warning C4244: '인수': 'int'에서 'float'(으)로 변환하면서 데이터가 손실될 수 있습니다.
C:\lkw\Visual_Studio\MineSweeper\main.cpp(486,74): warning C4244: '인수': 'int'에서 'float'(으)로 변환하면서 데이터가 손실될 수 있습니다.
C:\lkw\Visual_Studio\MineSweeper\main.cpp(486,41): warning C4244: '인수': 'int'에서 'float'(으)로 변환하면서 데이터가 손실될 수 있습니다.
main.obj : error LNK2019: "__declspec(dllimport) public: __cdecl sf::Time::Time(void)" (__imp_??0Time@sf@@QEAA@XZ)main 함수에서 참조되는 확인할 수 없는 외부 기호
main.obj : error LNK2019: "__declspec(dllimport) public: float __cdecl sf::Time::asSeconds(void)const " (__imp_?asSeconds@Time@sf@@QEBAMXZ)main 함수에서 참조되는 확인할 수 없는 외부 기호
main.obj : error LNK2019: "__declspec(dllimport) public: __cdecl sf::Clock::Clock(void)" (__imp_??0Clock@sf@@QEAA@XZ)main 함수에서 참조되는 확인할 수 없는 외부 기호
main.obj : error LNK2019: "__declspec(dllimport) public: class sf::Time __cdecl sf::Clock::getElapsedTime(void)const " (__imp_?getElapsedTime@Clock@sf@@QEBA?AVTime@2@XZ)main 함수에서 참조되는 확인할 수 없는 외부 기호
main.obj : error LNK2019: "__declspec(dllimport) public: class sf::Time __cdecl sf::Clock::restart(void)" (__imp_?restart@Clock@sf@@QEAA?AVTime@2@XZ)"void __cdecl init(class sf::Clock &,int &)" (?init@@YAXAEAVClock@sf@@AEAH@Z) 함수에서 참조되는 확인할 수 없는 외부 기호
main.obj : error LNK2019: "__declspec(dllimport) public: __cdecl sf::String::String(char const *,class std::locale const &)" (__imp_??0String@sf@@QEAA@PEBDAEBVlocale@std@@@Z)main 함수에서 참조되는 확인할 수 없는 외부 기호
main.obj : error LNK2019: "__declspec(dllimport) public: __cdecl sf::String::~String(void)" (__imp_??1String@sf@@QEAA@XZ)main 함수에서 참조되는 확인할 수 없는 외부 기호
main.obj : error LNK2019: "__declspec(dllimport) public: static class sf::Vector2<int> __cdecl sf::Mouse::getPosition(class sf::Window const &)" (__imp_?getPosition@Mouse@sf@@SA?AV?$Vector2@H@2@AEBVWindow@2@@Z)main 함수에서 참조되는 확인할 수 없는 외부 기호
main.obj : error LNK2019: "__declspec(dllimport) public: __cdecl sf::VideoMode::VideoMode(unsigned int,unsigned int,unsigned int)" (__imp_??0VideoMode@sf@@QEAA@III@Z)main 함수에서 참조되는 확인할 수 없는 외부 기호
main.obj : error LNK2019: "__declspec(dllimport) public: void __cdecl sf::Window::close(void)" (__imp_?close@Window@sf@@QEAAXXZ)main 함수에서 참조되는 확인할 수 없는 외부 기호
main.obj : error LNK2019: "__declspec(dllimport) public: bool __cdecl sf::Window::isOpen(void)const " (__imp_?isOpen@Window@sf@@QEBA_NXZ)main 함수에서 참조되는 확인할 수 없는 외부 기호
main.obj : error LNK2019: "__declspec(dllimport) public: bool __cdecl sf::Window::pollEvent(class sf::Event &)" (__imp_?pollEvent@Window@sf@@QEAA_NAEAVEvent@2@@Z)main 함수에서 참조되는 확인할 수 없는 외부 기호
main.obj : error LNK2019: "__declspec(dllimport) public: void __cdecl sf::Window::display(void)" (__imp_?display@Window@sf@@QEAAXXZ)main 함수에서 참조되는 확인할 수 없는 외부 기호
main.obj : error LNK2019: "__declspec(dllimport) public: void __cdecl sf::Transformable::setPosition(float,float)" (__imp_?setPosition@Transformable@sf@@QEAAXMM@Z)"void __cdecl claTimer(class sf::RenderWindow &,class sf::Sprite &,int)" (?claTimer@@YAXAEAVRenderWindow@sf@@AEAVSprite@2@H@Z) 함수에서 참조되는 확인할 수 없는 외부 기호
main.obj : error LNK2019: "__declspec(dllimport) public: __cdecl sf::Texture::Texture(void)" (__imp_??0Texture@sf@@QEAA@XZ)main 함수에서 참조되는 확인할 수 없는 외부 기호
main.obj : error LNK2019: "__declspec(dllimport) public: __cdecl sf::Texture::~Texture(void)" (__imp_??1Texture@sf@@QEAA@XZ)main 함수에서 참조되는 확인할 수 없는 외부 기호
main.obj : error LNK2019: "__declspec(dllimport) public: bool __cdecl sf::Texture::loadFromFile(class std::basic_string<char,struct std::char_traits<char>,class std::allocator<char> > const &,class sf::Rect<int> const &)" (__imp_?loadFromFile@Texture@sf@@QEAA_NAEBV?$basic_string@DU?$char_traits@D@std@@V?$allocator@D@2@@std@@AEBV?$Rect@H@2@@Z)main 함수에서 참조되는 확인할 수 없는 외부 기호
main.obj : error LNK2019: "__declspec(dllimport) public: void __cdecl sf::RenderTarget::draw(class sf::Drawable const &,class sf::RenderStates const &)" (__imp_?draw@RenderTarget@sf@@QEAAXAEBVDrawable@2@AEBVRenderStates@2@@Z)"void __cdecl claTimer(class sf::RenderWindow &,class sf::Sprite &,int)" (?claTimer@@YAXAEAVRenderWindow@sf@@AEAVSprite@2@H@Z) 함수에서 참조되는 확인할 수 없는 외부 기호
main.obj : error LNK2019: "__declspec(dllimport) public: __cdecl sf::RenderWindow::RenderWindow(class sf::VideoMode,class sf::String const &,unsigned int,struct sf::ContextSettings const &)" (__imp_??0RenderWindow@sf@@QEAA@VVideoMode@1@AEBVString@1@IAEBUContextSettings@1@@Z)main 함수에서 참조되는 확인할 수 없는 외부 기호
main.obj : error LNK2019: "__declspec(dllimport) public: virtual __cdecl sf::RenderWindow::~RenderWindow(void)" (__imp_??1RenderWindow@sf@@UEAA@XZ)main 함수에서 참조되는 확인할 수 없는 외부 기호
main.obj : error LNK2019: "__declspec(dllimport) public: __cdecl sf::Sprite::Sprite(class sf::Texture const &)" (__imp_??0Sprite@sf@@QEAA@AEBVTexture@1@@Z)main 함수에서 참조되는 확인할 수 없는 외부 기호
main.obj : error LNK2019: "__declspec(dllimport) public: void __cdecl sf::Sprite::setTextureRect(class sf::Rect<int> const &)" (__imp_?setTextureRect@Sprite@sf@@QEAAXAEBV?$Rect@H@2@@Z)"void __cdecl claTimer(class sf::RenderWindow &,class sf::Sprite &,int)" (?claTimer@@YAXAEAVRenderWindow@sf@@AEAVSprite@2@H@Z) 함수에서 참조되는 확인할 수 없는 외부 기호
main.obj : error LNK2019: "__declspec(dllimport) public: virtual __cdecl sf::Sprite::~Sprite(void)" (__imp_??1Sprite@sf@@UEAA@XZ)main 함수에서 참조되는 확인할 수 없는 외부 기호
main.obj : error LNK2019: "__declspec(dllimport) public: static class sf::RenderStates const sf::RenderStates::Default" (__imp_?Default@RenderStates@sf@@2V12@B)"void __cdecl claTimer(class sf::RenderWindow &,class sf::Sprite &,int)" (?claTimer@@YAXAEAVRenderWindow@sf@@AEAVSprite@2@H@Z) 함수에서 참조되는 확인할 수 없는 외부 기호
C:\lkw\SFML-2.5.1\lib\sfml-window-s-d.lib : warning LNK4272: 'x86' 라이브러리 컴퓨터 종류가 'x64' 대상 컴퓨터 종류와 충돌합니다.
C:\lkw\SFML-2.5.1\lib\sfml-system-s-d.lib : warning LNK4272: 'x86' 라이브러리 컴퓨터 종류가 'x64' 대상 컴퓨터 종류와 충돌합니다.
C:\lkw\SFML-2.5.1\lib\sfml-graphics-s-d.lib : warning LNK4272: 'x86' 라이브러리 컴퓨터 종류가 'x64' 대상 컴퓨터 종류와 충돌합니다.
C:\lkw\SFML-2.5.1\lib\freetype.lib : warning LNK4272: 'x86' 라이브러리 컴퓨터 종류가 'x64' 대상 컴퓨터 종류와 충돌합니다.
C:\lkw\Visual_Studio\MineSweeper\x64\Debug\Cpp_project.exe : fatal error LNK1120: 24개의 확인할 수 없는 외부 참조입니다.
